<?xml version="1.0" encoding="UTF-8"?>
<testsuite name="StringReplacerTest" tests="1" skipped="0" failures="0" errors="0" timestamp="2021-12-03T17:23:13" hostname="LAPTOP-B54QGSVR" time="0.02">
  <properties/>
  <testcase name="stringCaseChanger()" classname="StringReplacerTest" time="0.02"/>
  <system-out><![CDATA[]]></system-out>
  <system-err><![CDATA[]]></system-err>
</testsuite>
